<?xml version="1.0" encoding="UTF-8"?>
<testsuite xmlns:xsi="http://www.w3.org/2001/XMLSchema-instance" xsi:noNamespaceSchemaLocation="https://maven.apache.org/surefire/maven-surefire-plugin/xsd/surefire-test-report-3.0.xsd" version="3.0" name="br.com.drianodev.springbatch.SpringBatchApplicationTests" time="1.892" tests="1" errors="0" skipped="0" failures="0">
  <properties>
    <property name="java.specification.version" value="17"/>
    <property name="sun.jnu.encoding" value="UTF-8"/>
    <property name="java.class.path" value="/home/idd_amlima/Documents/courses/udemy-spring-batch/spring-batch/target/test-classes:/home/idd_amlima/Documents/courses/udemy-spring-batch/spring-batch/target/classes:/home/idd_amlima/.m2/repository/org/springframework/boot/spring-boot-starter-batch/3.2.5/spring-boot-starter-batch-3.2.5.jar:/home/idd_amlima/.m2/repository/org/springframework/boot/spring-boot-starter/3.2.5/spring-boot-starter-3.2.5.jar:/home/idd_amlima/.m2/repository/org/springframework/boot/spring-boot/3.2.5/spring-boot-3.2.5.jar:/home/idd_amlima/.m2/repository/org/springframework/boot/spring-boot-autoconfigure/3.2.5/spring-boot-autoconfigure-3.2.5.jar:/home/idd_amlima/.m2/repository/org/springframework/boot/spring-boot-starter-logging/3.2.5/spring-boot-starter-logging-3.2.5.jar:/home/idd_amlima/.m2/repository/ch/qos/logback/logback-classic/1.4.14/logback-classic-1.4.14.jar:/home/idd_amlima/.m2/repository/ch/qos/logback/logback-core/1.4.14/logback-core-1.4.14.jar:/home/idd_amlima/.m2/repository/org/apache/logging/log4j/log4j-to-slf4j/2.21.1/log4j-to-slf4j-2.21.1.jar:/home/idd_amlima/.m2/repository/org/apache/logging/log4j/log4j-api/2.21.1/log4j-api-2.21.1.jar:/home/idd_amlima/.m2/repository/org/slf4j/jul-to-slf4j/2.0.13/jul-to-slf4j-2.0.13.jar:/home/idd_amlima/.m2/repository/jakarta/annotation/jakarta.annotation-api/2.1.1/jakarta.annotation-api-2.1.1.jar:/home/idd_amlima/.m2/repository/org/yaml/snakeyaml/2.2/snakeyaml-2.2.jar:/home/idd_amlima/.m2/repository/org/springframework/boot/spring-boot-starter-jdbc/3.2.5/spring-boot-starter-jdbc-3.2.5.jar:/home/idd_amlima/.m2/repository/com/zaxxer/HikariCP/5.0.1/HikariCP-5.0.1.jar:/home/idd_amlima/.m2/repository/org/springframework/batch/spring-batch-core/5.1.1/spring-batch-core-5.1.1.jar:/home/idd_amlima/.m2/repository/org/springframework/batch/spring-batch-infrastructure/5.1.1/spring-batch-infrastructure-5.1.1.jar:/home/idd_amlima/.m2/repository/org/springframework/retry/spring-retry/2.0.5/spring-retry-2.0.5.jar:/home/idd_amlima/.m2/repository/org/springframework/spring-aop/6.1.6/spring-aop-6.1.6.jar:/home/idd_amlima/.m2/repository/org/springframework/spring-beans/6.1.6/spring-beans-6.1.6.jar:/home/idd_amlima/.m2/repository/org/springframework/spring-context/6.1.6/spring-context-6.1.6.jar:/home/idd_amlima/.m2/repository/org/springframework/spring-expression/6.1.6/spring-expression-6.1.6.jar:/home/idd_amlima/.m2/repository/org/springframework/spring-tx/6.1.6/spring-tx-6.1.6.jar:/home/idd_amlima/.m2/repository/io/micrometer/micrometer-core/1.12.5/micrometer-core-1.12.5.jar:/home/idd_amlima/.m2/repository/io/micrometer/micrometer-commons/1.12.5/micrometer-commons-1.12.5.jar:/home/idd_amlima/.m2/repository/org/hdrhistogram/HdrHistogram/2.1.12/HdrHistogram-2.1.12.jar:/home/idd_amlima/.m2/repository/org/latencyutils/LatencyUtils/2.0.3/LatencyUtils-2.0.3.jar:/home/idd_amlima/.m2/repository/io/micrometer/micrometer-observation/1.12.5/micrometer-observation-1.12.5.jar:/home/idd_amlima/.m2/repository/org/springframework/boot/spring-boot-starter-test/3.2.5/spring-boot-starter-test-3.2.5.jar:/home/idd_amlima/.m2/repository/org/springframework/boot/spring-boot-test/3.2.5/spring-boot-test-3.2.5.jar:/home/idd_amlima/.m2/repository/org/springframework/boot/spring-boot-test-autoconfigure/3.2.5/spring-boot-test-autoconfigure-3.2.5.jar:/home/idd_amlima/.m2/repository/com/jayway/jsonpath/json-path/2.9.0/json-path-2.9.0.jar:/home/idd_amlima/.m2/repository/org/slf4j/slf4j-api/2.0.13/slf4j-api-2.0.13.jar:/home/idd_amlima/.m2/repository/jakarta/xml/bind/jakarta.xml.bind-api/4.0.2/jakarta.xml.bind-api-4.0.2.jar:/home/idd_amlima/.m2/repository/jakarta/activation/jakarta.activation-api/2.1.3/jakarta.activation-api-2.1.3.jar:/home/idd_amlima/.m2/repository/net/minidev/json-smart/2.5.1/json-smart-2.5.1.jar:/home/idd_amlima/.m2/repository/net/minidev/accessors-smart/2.5.1/accessors-smart-2.5.1.jar:/home/idd_amlima/.m2/repository/org/ow2/asm/asm/9.6/asm-9.6.jar:/home/idd_amlima/.m2/repository/org/assertj/assertj-core/3.24.2/assertj-core-3.24.2.jar:/home/idd_amlima/.m2/repository/net/bytebuddy/byte-buddy/1.14.13/byte-buddy-1.14.13.jar:/home/idd_amlima/.m2/repository/org/awaitility/awaitility/4.2.1/awaitility-4.2.1.jar:/home/idd_amlima/.m2/repository/org/hamcrest/hamcrest/2.2/hamcrest-2.2.jar:/home/idd_amlima/.m2/repository/org/junit/jupiter/junit-jupiter/5.10.2/junit-jupiter-5.10.2.jar:/home/idd_amlima/.m2/repository/org/junit/jupiter/junit-jupiter-api/5.10.2/junit-jupiter-api-5.10.2.jar:/home/idd_amlima/.m2/repository/org/opentest4j/opentest4j/1.3.0/opentest4j-1.3.0.jar:/home/idd_amlima/.m2/repository/org/junit/platform/junit-platform-commons/1.10.2/junit-platform-commons-1.10.2.jar:/home/idd_amlima/.m2/repository/org/apiguardian/apiguardian-api/1.1.2/apiguardian-api-1.1.2.jar:/home/idd_amlima/.m2/repository/org/junit/jupiter/junit-jupiter-params/5.10.2/junit-jupiter-params-5.10.2.jar:/home/idd_amlima/.m2/repository/org/junit/jupiter/junit-jupiter-engine/5.10.2/junit-jupiter-engine-5.10.2.jar:/home/idd_amlima/.m2/repository/org/junit/platform/junit-platform-engine/1.10.2/junit-platform-engine-1.10.2.jar:/home/idd_amlima/.m2/repository/org/mockito/mockito-core/5.7.0/mockito-core-5.7.0.jar:/home/idd_amlima/.m2/repository/net/bytebuddy/byte-buddy-agent/1.14.13/byte-buddy-agent-1.14.13.jar:/home/idd_amlima/.m2/repository/org/objenesis/objenesis/3.3/objenesis-3.3.jar:/home/idd_amlima/.m2/repository/org/mockito/mockito-junit-jupiter/5.7.0/mockito-junit-jupiter-5.7.0.jar:/home/idd_amlima/.m2/repository/org/skyscreamer/jsonassert/1.5.1/jsonassert-1.5.1.jar:/home/idd_amlima/.m2/repository/com/vaadin/external/google/android-json/0.0.20131108.vaadin1/android-json-0.0.20131108.vaadin1.jar:/home/idd_amlima/.m2/repository/org/springframework/spring-core/6.1.6/spring-core-6.1.6.jar:/home/idd_amlima/.m2/repository/org/springframework/spring-jcl/6.1.6/spring-jcl-6.1.6.jar:/home/idd_amlima/.m2/repository/org/springframework/spring-test/6.1.6/spring-test-6.1.6.jar:/home/idd_amlima/.m2/repository/org/xmlunit/xmlunit-core/2.9.1/xmlunit-core-2.9.1.jar:/home/idd_amlima/.m2/repository/org/springframework/batch/spring-batch-test/5.1.1/spring-batch-test-5.1.1.jar:/home/idd_amlima/.m2/repository/org/springframework/spring-jdbc/6.1.6/spring-jdbc-6.1.6.jar:/home/idd_amlima/.m2/repository/com/h2database/h2/2.2.224/h2-2.2.224.jar:/home/idd_amlima/.m2/repository/org/postgresql/postgresql/42.6.2/postgresql-42.6.2.jar:/home/idd_amlima/.m2/repository/org/checkerframework/checker-qual/3.31.0/checker-qual-3.31.0.jar:"/>
    <property name="java.vm.vendor" value="Amazon.com Inc."/>
    <property name="sun.arch.data.model" value="64"/>
    <property name="java.vendor.url" value="https://aws.amazon.com/corretto/"/>
    <property name="user.timezone" value="America/Fortaleza"/>
    <property name="os.name" value="Linux"/>
    <property name="java.vm.specification.version" value="17"/>
    <property name="sun.java.launcher" value="SUN_STANDARD"/>
    <property name="user.country" value="BR"/>
    <property name="sun.boot.library.path" value="/home/idd_amlima/.sdkman/candidates/java/17.0.10-amzn/lib"/>
    <property name="sun.java.command" value="/home/idd_amlima/Documents/courses/udemy-spring-batch/spring-batch/target/surefire/surefirebooter-20240606141010786_7.jar /home/idd_amlima/Documents/courses/udemy-spring-batch/spring-batch/target/surefire 2024-06-06T14-10-07_184-jvmRun1 surefire-20240606141010786_5tmp surefire_1-20240606141010786_6tmp"/>
    <property name="jdk.debug" value="release"/>
    <property name="surefire.test.class.path" value="/home/idd_amlima/Documents/courses/udemy-spring-batch/spring-batch/target/test-classes:/home/idd_amlima/Documents/courses/udemy-spring-batch/spring-batch/target/classes:/home/idd_amlima/.m2/repository/org/springframework/boot/spring-boot-starter-batch/3.2.5/spring-boot-starter-batch-3.2.5.jar:/home/idd_amlima/.m2/repository/org/springframework/boot/spring-boot-starter/3.2.5/spring-boot-starter-3.2.5.jar:/home/idd_amlima/.m2/repository/org/springframework/boot/spring-boot/3.2.5/spring-boot-3.2.5.jar:/home/idd_amlima/.m2/repository/org/springframework/boot/spring-boot-autoconfigure/3.2.5/spring-boot-autoconfigure-3.2.5.jar:/home/idd_amlima/.m2/repository/org/springframework/boot/spring-boot-starter-logging/3.2.5/spring-boot-starter-logging-3.2.5.jar:/home/idd_amlima/.m2/repository/ch/qos/logback/logback-classic/1.4.14/logback-classic-1.4.14.jar:/home/idd_amlima/.m2/repository/ch/qos/logback/logback-core/1.4.14/logback-core-1.4.14.jar:/home/idd_amlima/.m2/repository/org/apache/logging/log4j/log4j-to-slf4j/2.21.1/log4j-to-slf4j-2.21.1.jar:/home/idd_amlima/.m2/repository/org/apache/logging/log4j/log4j-api/2.21.1/log4j-api-2.21.1.jar:/home/idd_amlima/.m2/repository/org/slf4j/jul-to-slf4j/2.0.13/jul-to-slf4j-2.0.13.jar:/home/idd_amlima/.m2/repository/jakarta/annotation/jakarta.annotation-api/2.1.1/jakarta.annotation-api-2.1.1.jar:/home/idd_amlima/.m2/repository/org/yaml/snakeyaml/2.2/snakeyaml-2.2.jar:/home/idd_amlima/.m2/repository/org/springframework/boot/spring-boot-starter-jdbc/3.2.5/spring-boot-starter-jdbc-3.2.5.jar:/home/idd_amlima/.m2/repository/com/zaxxer/HikariCP/5.0.1/HikariCP-5.0.1.jar:/home/idd_amlima/.m2/repository/org/springframework/batch/spring-batch-core/5.1.1/spring-batch-core-5.1.1.jar:/home/idd_amlima/.m2/repository/org/springframework/batch/spring-batch-infrastructure/5.1.1/spring-batch-infrastructure-5.1.1.jar:/home/idd_amlima/.m2/repository/org/springframework/retry/spring-retry/2.0.5/spring-retry-2.0.5.jar:/home/idd_amlima/.m2/repository/org/springframework/spring-aop/6.1.6/spring-aop-6.1.6.jar:/home/idd_amlima/.m2/repository/org/springframework/spring-beans/6.1.6/spring-beans-6.1.6.jar:/home/idd_amlima/.m2/repository/org/springframework/spring-context/6.1.6/spring-context-6.1.6.jar:/home/idd_amlima/.m2/repository/org/springframework/spring-expression/6.1.6/spring-expression-6.1.6.jar:/home/idd_amlima/.m2/repository/org/springframework/spring-tx/6.1.6/spring-tx-6.1.6.jar:/home/idd_amlima/.m2/repository/io/micrometer/micrometer-core/1.12.5/micrometer-core-1.12.5.jar:/home/idd_amlima/.m2/repository/io/micrometer/micrometer-commons/1.12.5/micrometer-commons-1.12.5.jar:/home/idd_amlima/.m2/repository/org/hdrhistogram/HdrHistogram/2.1.12/HdrHistogram-2.1.12.jar:/home/idd_amlima/.m2/repository/org/latencyutils/LatencyUtils/2.0.3/LatencyUtils-2.0.3.jar:/home/idd_amlima/.m2/repository/io/micrometer/micrometer-observation/1.12.5/micrometer-observation-1.12.5.jar:/home/idd_amlima/.m2/repository/org/springframework/boot/spring-boot-starter-test/3.2.5/spring-boot-starter-test-3.2.5.jar:/home/idd_amlima/.m2/repository/org/springframework/boot/spring-boot-test/3.2.5/spring-boot-test-3.2.5.jar:/home/idd_amlima/.m2/repository/org/springframework/boot/spring-boot-test-autoconfigure/3.2.5/spring-boot-test-autoconfigure-3.2.5.jar:/home/idd_amlima/.m2/repository/com/jayway/jsonpath/json-path/2.9.0/json-path-2.9.0.jar:/home/idd_amlima/.m2/repository/org/slf4j/slf4j-api/2.0.13/slf4j-api-2.0.13.jar:/home/idd_amlima/.m2/repository/jakarta/xml/bind/jakarta.xml.bind-api/4.0.2/jakarta.xml.bind-api-4.0.2.jar:/home/idd_amlima/.m2/repository/jakarta/activation/jakarta.activation-api/2.1.3/jakarta.activation-api-2.1.3.jar:/home/idd_amlima/.m2/repository/net/minidev/json-smart/2.5.1/json-smart-2.5.1.jar:/home/idd_amlima/.m2/repository/net/minidev/accessors-smart/2.5.1/accessors-smart-2.5.1.jar:/home/idd_amlima/.m2/repository/org/ow2/asm/asm/9.6/asm-9.6.jar:/home/idd_amlima/.m2/repository/org/assertj/assertj-core/3.24.2/assertj-core-3.24.2.jar:/home/idd_amlima/.m2/repository/net/bytebuddy/byte-buddy/1.14.13/byte-buddy-1.14.13.jar:/home/idd_amlima/.m2/repository/org/awaitility/awaitility/4.2.1/awaitility-4.2.1.jar:/home/idd_amlima/.m2/repository/org/hamcrest/hamcrest/2.2/hamcrest-2.2.jar:/home/idd_amlima/.m2/repository/org/junit/jupiter/junit-jupiter/5.10.2/junit-jupiter-5.10.2.jar:/home/idd_amlima/.m2/repository/org/junit/jupiter/junit-jupiter-api/5.10.2/junit-jupiter-api-5.10.2.jar:/home/idd_amlima/.m2/repository/org/opentest4j/opentest4j/1.3.0/opentest4j-1.3.0.jar:/home/idd_amlima/.m2/repository/org/junit/platform/junit-platform-commons/1.10.2/junit-platform-commons-1.10.2.jar:/home/idd_amlima/.m2/repository/org/apiguardian/apiguardian-api/1.1.2/apiguardian-api-1.1.2.jar:/home/idd_amlima/.m2/repository/org/junit/jupiter/junit-jupiter-params/5.10.2/junit-jupiter-params-5.10.2.jar:/home/idd_amlima/.m2/repository/org/junit/jupiter/junit-jupiter-engine/5.10.2/junit-jupiter-engine-5.10.2.jar:/home/idd_amlima/.m2/repository/org/junit/platform/junit-platform-engine/1.10.2/junit-platform-engine-1.10.2.jar:/home/idd_amlima/.m2/repository/org/mockito/mockito-core/5.7.0/mockito-core-5.7.0.jar:/home/idd_amlima/.m2/repository/net/bytebuddy/byte-buddy-agent/1.14.13/byte-buddy-agent-1.14.13.jar:/home/idd_amlima/.m2/repository/org/objenesis/objenesis/3.3/objenesis-3.3.jar:/home/idd_amlima/.m2/repository/org/mockito/mockito-junit-jupiter/5.7.0/mockito-junit-jupiter-5.7.0.jar:/home/idd_amlima/.m2/repository/org/skyscreamer/jsonassert/1.5.1/jsonassert-1.5.1.jar:/home/idd_amlima/.m2/repository/com/vaadin/external/google/android-json/0.0.20131108.vaadin1/android-json-0.0.20131108.vaadin1.jar:/home/idd_amlima/.m2/repository/org/springframework/spring-core/6.1.6/spring-core-6.1.6.jar:/home/idd_amlima/.m2/repository/org/springframework/spring-jcl/6.1.6/spring-jcl-6.1.6.jar:/home/idd_amlima/.m2/repository/org/springframework/spring-test/6.1.6/spring-test-6.1.6.jar:/home/idd_amlima/.m2/repository/org/xmlunit/xmlunit-core/2.9.1/xmlunit-core-2.9.1.jar:/home/idd_amlima/.m2/repository/org/springframework/batch/spring-batch-test/5.1.1/spring-batch-test-5.1.1.jar:/home/idd_amlima/.m2/repository/org/springframework/spring-jdbc/6.1.6/spring-jdbc-6.1.6.jar:/home/idd_amlima/.m2/repository/com/h2database/h2/2.2.224/h2-2.2.224.jar:/home/idd_amlima/.m2/repository/org/postgresql/postgresql/42.6.2/postgresql-42.6.2.jar:/home/idd_amlima/.m2/repository/org/checkerframework/checker-qual/3.31.0/checker-qual-3.31.0.jar:"/>
    <property name="sun.cpu.endian" value="little"/>
    <property name="user.home" value="/home/idd_amlima"/>
    <property name="user.language" value="pt"/>
    <property name="java.specification.vendor" value="Oracle Corporation"/>
    <property name="java.version.date" value="2024-01-16"/>
    <property name="java.home" value="/home/idd_amlima/.sdkman/candidates/java/17.0.10-amzn"/>
    <property name="file.separator" value="/"/>
    <property name="basedir" value="/home/idd_amlima/Documents/courses/udemy-spring-batch/spring-batch"/>
    <property name="java.vm.compressedOopsMode" value="Zero based"/>
    <property name="line.separator" value="&#10;"/>
    <property name="java.specification.name" value="Java Platform API Specification"/>
    <property name="java.vm.specification.vendor" value="Oracle Corporation"/>
    <property name="FILE_LOG_CHARSET" value="UTF-8"/>
    <property name="java.awt.headless" value="true"/>
    <property name="surefire.real.class.path" value="/home/idd_amlima/Documents/courses/udemy-spring-batch/spring-batch/target/surefire/surefirebooter-20240606141010786_7.jar"/>
    <property name="sun.management.compiler" value="HotSpot 64-Bit Tiered Compilers"/>
    <property name="java.runtime.version" value="17.0.10+7-LTS"/>
    <property name="user.name" value="idd_amlima"/>
    <property name="path.separator" value=":"/>
    <property name="os.version" value="6.5.0-35-generic"/>
    <property name="java.runtime.name" value="OpenJDK Runtime Environment"/>
    <property name="file.encoding" value="UTF-8"/>
    <property name="java.vm.name" value="OpenJDK 64-Bit Server VM"/>
    <property name="java.vendor.version" value="Corretto-17.0.10.7.1"/>
    <property name="localRepository" value="/home/idd_amlima/.m2/repository"/>
    <property name="java.vendor.url.bug" value="https://github.com/corretto/corretto-17/issues/"/>
    <property name="java.io.tmpdir" value="/tmp"/>
    <property name="idea.version" value="2024.1.2"/>
    <property name="com.zaxxer.hikari.pool_number" value="1"/>
    <property name="java.version" value="17.0.10"/>
    <property name="user.dir" value="/home/idd_amlima/Documents/courses/udemy-spring-batch/spring-batch"/>
    <property name="os.arch" value="amd64"/>
    <property name="java.vm.specification.name" value="Java Virtual Machine Specification"/>
    <property name="PID" value="799878"/>
    <property name="CONSOLE_LOG_CHARSET" value="UTF-8"/>
    <property name="native.encoding" value="UTF-8"/>
    <property name="java.library.path" value="/usr/java/packages/lib:/usr/lib64:/lib64:/lib:/usr/lib"/>
    <property name="java.vm.info" value="mixed mode, sharing"/>
    <property name="java.vendor" value="Amazon.com Inc."/>
    <property name="java.vm.version" value="17.0.10+7-LTS"/>
    <property name="sun.io.unicode.encoding" value="UnicodeLittle"/>
    <property name="java.class.version" value="61.0"/>
    <property name="LOGGED_APPLICATION_NAME" value="[spring-batch] "/>
  </properties>
  <testcase name="contextLoads" classname="br.com.drianodev.springbatch.SpringBatchApplicationTests" time="0.495">
    <system-out><![CDATA[14:10:11.280 [main] INFO org.springframework.test.context.support.AnnotationConfigContextLoaderUtils -- Could not detect default configuration classes for test class [br.com.drianodev.springbatch.SpringBatchApplicationTests]: SpringBatchApplicationTests does not declare any static, non-private, non-final, nested classes annotated with @Configuration.
14:10:11.342 [main] INFO org.springframework.boot.test.context.SpringBootTestContextBootstrapper -- Found @SpringBootConfiguration br.com.drianodev.springbatch.SpringBatchApplication for test class br.com.drianodev.springbatch.SpringBatchApplicationTests

  .   ____          _            __ _ _
 /\\ / ___'_ __ _ _(_)_ __  __ _ \ \ \ \
( ( )\___ | '_ | '_| | '_ \/ _` | \ \ \ \
 \\/  ___)| |_)| | | | | || (_| |  ) ) ) )
  '  |____| .__|_| |_|_| |_\__, | / / / /
 =========|_|==============|___/=/_/_/_/
 :: Spring Boot ::                (v3.2.5)

2024-06-06T14:10:11.583-03:00  INFO 799878 --- [spring-batch] [           main] b.c.d.s.SpringBatchApplicationTests      : Starting SpringBatchApplicationTests using Java 17.0.10 with PID 799878 (started by idd_amlima in /home/idd_amlima/Documents/courses/udemy-spring-batch/spring-batch)
2024-06-06T14:10:11.584-03:00  INFO 799878 --- [spring-batch] [           main] b.c.d.s.SpringBatchApplicationTests      : No active profile set, falling back to 1 default profile: "default"
2024-06-06T14:10:11.945-03:00  WARN 799878 --- [spring-batch] [           main] trationDelegate$BeanPostProcessorChecker : Bean 'org.springframework.boot.autoconfigure.jdbc.DataSourceConfiguration$Hikari' of type [org.springframework.boot.autoconfigure.jdbc.DataSourceConfiguration$Hikari] is not eligible for getting processed by all BeanPostProcessors (for example: not eligible for auto-proxying). Is this bean getting eagerly injected into a currently created BeanPostProcessor [jobRegistryBeanPostProcessor]? Check the corresponding BeanPostProcessor declaration and its dependencies.
2024-06-06T14:10:11.985-03:00  WARN 799878 --- [spring-batch] [           main] trationDelegate$BeanPostProcessorChecker : Bean 'spring.datasource-org.springframework.boot.autoconfigure.jdbc.DataSourceProperties' of type [org.springframework.boot.autoconfigure.jdbc.DataSourceProperties] is not eligible for getting processed by all BeanPostProcessors (for example: not eligible for auto-proxying). Is this bean getting eagerly injected into a currently created BeanPostProcessor [jobRegistryBeanPostProcessor]? Check the corresponding BeanPostProcessor declaration and its dependencies.
2024-06-06T14:10:11.987-03:00  WARN 799878 --- [spring-batch] [           main] trationDelegate$BeanPostProcessorChecker : Bean 'org.springframework.boot.autoconfigure.jdbc.DataSourceAutoConfiguration$PooledDataSourceConfiguration' of type [org.springframework.boot.autoconfigure.jdbc.DataSourceAutoConfiguration$PooledDataSourceConfiguration] is not eligible for getting processed by all BeanPostProcessors (for example: not eligible for auto-proxying). Is this bean getting eagerly injected into a currently created BeanPostProcessor [jobRegistryBeanPostProcessor]? Check the corresponding BeanPostProcessor declaration and its dependencies.
2024-06-06T14:10:11.988-03:00  WARN 799878 --- [spring-batch] [           main] trationDelegate$BeanPostProcessorChecker : Bean 'jdbcConnectionDetails' of type [org.springframework.boot.autoconfigure.jdbc.PropertiesJdbcConnectionDetails] is not eligible for getting processed by all BeanPostProcessors (for example: not eligible for auto-proxying). Is this bean getting eagerly injected into a currently created BeanPostProcessor [jobRegistryBeanPostProcessor]? Check the corresponding BeanPostProcessor declaration and its dependencies.
2024-06-06T14:10:12.013-03:00  WARN 799878 --- [spring-batch] [           main] trationDelegate$BeanPostProcessorChecker : Bean 'dataSource' of type [com.zaxxer.hikari.HikariDataSource] is not eligible for getting processed by all BeanPostProcessors (for example: not eligible for auto-proxying). Is this bean getting eagerly injected into a currently created BeanPostProcessor [jobRegistryBeanPostProcessor]? Check the corresponding BeanPostProcessor declaration and its dependencies.
2024-06-06T14:10:12.020-03:00  WARN 799878 --- [spring-batch] [           main] trationDelegate$BeanPostProcessorChecker : Bean 'org.springframework.boot.autoconfigure.jdbc.DataSourceTransactionManagerAutoConfiguration$JdbcTransactionManagerConfiguration' of type [org.springframework.boot.autoconfigure.jdbc.DataSourceTransactionManagerAutoConfiguration$JdbcTransactionManagerConfiguration] is not eligible for getting processed by all BeanPostProcessors (for example: not eligible for auto-proxying). Is this bean getting eagerly injected into a currently created BeanPostProcessor [jobRegistryBeanPostProcessor]? Check the corresponding BeanPostProcessor declaration and its dependencies.
2024-06-06T14:10:12.025-03:00  WARN 799878 --- [spring-batch] [           main] trationDelegate$BeanPostProcessorChecker : Bean 'org.springframework.boot.autoconfigure.transaction.TransactionManagerCustomizationAutoConfiguration' of type [org.springframework.boot.autoconfigure.transaction.TransactionManagerCustomizationAutoConfiguration] is not eligible for getting processed by all BeanPostProcessors (for example: not eligible for auto-proxying). Is this bean getting eagerly injected into a currently created BeanPostProcessor [jobRegistryBeanPostProcessor]? Check the corresponding BeanPostProcessor declaration and its dependencies.
2024-06-06T14:10:12.030-03:00  WARN 799878 --- [spring-batch] [           main] trationDelegate$BeanPostProcessorChecker : Bean 'transactionExecutionListeners' of type [org.springframework.boot.autoconfigure.transaction.ExecutionListenersTransactionManagerCustomizer] is not eligible for getting processed by all BeanPostProcessors (for example: not eligible for auto-proxying). Is this bean getting eagerly injected into a currently created BeanPostProcessor [jobRegistryBeanPostProcessor]? Check the corresponding BeanPostProcessor declaration and its dependencies.
2024-06-06T14:10:12.034-03:00  WARN 799878 --- [spring-batch] [           main] trationDelegate$BeanPostProcessorChecker : Bean 'spring.transaction-org.springframework.boot.autoconfigure.transaction.TransactionProperties' of type [org.springframework.boot.autoconfigure.transaction.TransactionProperties] is not eligible for getting processed by all BeanPostProcessors (for example: not eligible for auto-proxying). Is this bean getting eagerly injected into a currently created BeanPostProcessor [jobRegistryBeanPostProcessor]? Check the corresponding BeanPostProcessor declaration and its dependencies.
2024-06-06T14:10:12.036-03:00  WARN 799878 --- [spring-batch] [           main] trationDelegate$BeanPostProcessorChecker : Bean 'platformTransactionManagerCustomizers' of type [org.springframework.boot.autoconfigure.transaction.TransactionManagerCustomizers] is not eligible for getting processed by all BeanPostProcessors (for example: not eligible for auto-proxying). Is this bean getting eagerly injected into a currently created BeanPostProcessor [jobRegistryBeanPostProcessor]? Check the corresponding BeanPostProcessor declaration and its dependencies.
2024-06-06T14:10:12.041-03:00  WARN 799878 --- [spring-batch] [           main] trationDelegate$BeanPostProcessorChecker : Bean 'transactionManager' of type [org.springframework.jdbc.support.JdbcTransactionManager] is not eligible for getting processed by all BeanPostProcessors (for example: not eligible for auto-proxying). Is this bean getting eagerly injected into a currently created BeanPostProcessor [jobRegistryBeanPostProcessor]? Check the corresponding BeanPostProcessor declaration and its dependencies.
2024-06-06T14:10:12.046-03:00  WARN 799878 --- [spring-batch] [           main] trationDelegate$BeanPostProcessorChecker : Bean 'spring.batch-org.springframework.boot.autoconfigure.batch.BatchProperties' of type [org.springframework.boot.autoconfigure.batch.BatchProperties] is not eligible for getting processed by all BeanPostProcessors (for example: not eligible for auto-proxying). Is this bean getting eagerly injected into a currently created BeanPostProcessor [jobRegistryBeanPostProcessor]? Check the corresponding BeanPostProcessor declaration and its dependencies.
2024-06-06T14:10:12.052-03:00  WARN 799878 --- [spring-batch] [           main] trationDelegate$BeanPostProcessorChecker : Bean 'org.springframework.boot.autoconfigure.batch.BatchAutoConfiguration$SpringBootBatchConfiguration' of type [org.springframework.boot.autoconfigure.batch.BatchAutoConfiguration$SpringBootBatchConfiguration] is not eligible for getting processed by all BeanPostProcessors (for example: not eligible for auto-proxying). The currently created BeanPostProcessor [jobRegistryBeanPostProcessor] is declared through a non-static factory method on that class; consider declaring it as static instead.
2024-06-06T14:10:12.068-03:00  INFO 799878 --- [spring-batch] [           main] com.zaxxer.hikari.HikariDataSource       : HikariPool-1 - Starting...
2024-06-06T14:10:12.253-03:00  INFO 799878 --- [spring-batch] [           main] com.zaxxer.hikari.pool.HikariPool        : HikariPool-1 - Added connection org.postgresql.jdbc.PgConnection@618ff5c2
2024-06-06T14:10:12.255-03:00  INFO 799878 --- [spring-batch] [           main] com.zaxxer.hikari.HikariDataSource       : HikariPool-1 - Start completed.
2024-06-06T14:10:12.425-03:00  INFO 799878 --- [spring-batch] [           main] b.c.d.s.SpringBatchApplicationTests      : Started SpringBatchApplicationTests in 1.002 seconds (process running for 1.627)
2024-06-06T14:10:12.428-03:00  INFO 799878 --- [spring-batch] [           main] o.s.b.a.b.JobLauncherApplicationRunner   : Running default command line with: []
2024-06-06T14:10:12.486-03:00  INFO 799878 --- [spring-batch] [           main] o.s.b.c.l.support.SimpleJobLauncher      : Job: [SimpleJob: [name=imprimeOlaJob]] launched with the following parameters: [{'run.id':'{value=12, type=class java.lang.Long, identifying=true}','nome':'{value=adriano, type=class java.lang.String, identifying=true}'}]
2024-06-06T14:10:12.505-03:00  INFO 799878 --- [spring-batch] [           main] o.s.batch.core.job.SimpleStepHandler     : Executing step: [imprimeOlaStep]
Olá adriano!
2024-06-06T14:10:12.546-03:00  INFO 799878 --- [spring-batch] [           main] o.s.batch.core.step.AbstractStep         : Step: [imprimeOlaStep] executed in 40ms
2024-06-06T14:10:12.559-03:00  INFO 799878 --- [spring-batch] [           main] o.s.b.c.l.support.SimpleJobLauncher      : Job: [SimpleJob: [name=imprimeOlaJob]] completed with the following parameters: [{'run.id':'{value=12, type=class java.lang.Long, identifying=true}','nome':'{value=adriano, type=class java.lang.String, identifying=true}'}] and the following status: [COMPLETED] in 60ms
]]></system-out>
  </testcase>
</testsuite>